  escena.cpp
C:\Users\erik\source\repos\obligatorio_final\obligatorio_2\OpenGL-basico\render\pixel.h(16,50): warning C4244: 'argumento': conversión de 'const int' a 'const float'; posible pérdida de datos
  (compilando archivo de origen "ecena/escena.cpp")
  
C:\Users\erik\source\repos\obligatorio_final\obligatorio_2\OpenGL-basico\render\pixel.h(16,47): warning C4244: 'argumento': conversión de 'const int' a 'const float'; posible pérdida de datos
  (compilando archivo de origen "ecena/escena.cpp")
  
C:\Users\erik\source\repos\obligatorio_final\obligatorio_2\OpenGL-basico\ecena\escena.cpp(40,13): warning C4305: '=': truncamiento de 'double' a 'float'
C:\Users\erik\source\repos\obligatorio_final\obligatorio_2\OpenGL-basico\ecena\escena.cpp(138,24): warning C4244: 'inicializando': conversión de 'double' a 'float'; posible pérdida de datos
C:\Users\erik\source\repos\obligatorio_final\obligatorio_2\OpenGL-basico\ecena\escena.cpp(139,24): warning C4244: 'inicializando': conversión de 'double' a 'float'; posible pérdida de datos
C:\Users\erik\source\repos\obligatorio_final\obligatorio_2\OpenGL-basico\ecena\escena.cpp(141,22): warning C4244: 'inicializando': conversión de 'double' a 'float'; posible pérdida de datos
C:\Users\erik\source\repos\obligatorio_final\obligatorio_2\OpenGL-basico\ecena\escena.cpp(157,40): warning C4244: 'inicializando': conversión de 'double' a 'float'; posible pérdida de datos
C:\Users\erik\source\repos\obligatorio_final\obligatorio_2\OpenGL-basico\ecena\escena.cpp(158,40): warning C4244: 'inicializando': conversión de 'double' a 'float'; posible pérdida de datos
C:\Users\erik\source\repos\obligatorio_final\obligatorio_2\OpenGL-basico\ecena\escena.cpp(160,38): warning C4244: 'inicializando': conversión de 'double' a 'float'; posible pérdida de datos
C:\Users\erik\source\repos\obligatorio_final\obligatorio_2\OpenGL-basico\ecena\escena.cpp(161,38): warning C4244: 'inicializando': conversión de 'double' a 'float'; posible pérdida de datos
C:\Users\erik\source\repos\obligatorio_final\obligatorio_2\OpenGL-basico\ecena\escena.cpp(180,48): warning C4244: 'argumento': conversión de 'int' a 'float'; posible pérdida de datos
C:\Users\erik\source\repos\obligatorio_final\obligatorio_2\OpenGL-basico\ecena\escena.cpp(254,56): warning C4305: 'argumento': truncamiento de 'double' a 'float'
C:\Users\erik\source\repos\obligatorio_final\obligatorio_2\OpenGL-basico\ecena\escena.cpp(283,66): warning C4305: 'argumento': truncamiento de 'double' a 'float'
C:\Users\erik\source\repos\obligatorio_final\obligatorio_2\OpenGL-basico\ecena\escena.cpp(297,58): warning C4305: 'argumento': truncamiento de 'double' a 'float'
C:\Users\erik\source\repos\obligatorio_final\obligatorio_2\OpenGL-basico\ecena\escena.cpp(312,76): warning C4244: 'argumento': conversión de 'double' a 'float'; posible pérdida de datos
C:\Users\erik\source\repos\obligatorio_final\obligatorio_2\OpenGL-basico\ecena\escena.cpp(368,34): warning C4244: 'inicializando': conversión de 'double' a 'float'; posible pérdida de datos
C:\Users\erik\source\repos\obligatorio_final\obligatorio_2\OpenGL-basico\ecena\escena.cpp(373,30): warning C4244: 'inicializando': conversión de 'double' a 'float'; posible pérdida de datos
C:\Users\erik\source\repos\obligatorio_final\obligatorio_2\OpenGL-basico\ecena\escena.cpp(375,75): warning C4305: 'argumento': truncamiento de 'double' a 'float'
  Generando código
  1 of 891 functions ( 0.1%) were compiled, the rest were copied from previous compilation.
    0 functions were new in current compilation
    1 functions had inline decision re-evaluated but remain unchanged
  Generación de código finalizada
  OpenGL-basico.vcxproj -> C:\Users\erik\source\repos\obligatorio_final\obligatorio_2\Release\OpenGL-basico.exe
